{"numTotalTestSuites":59,"numPassedTestSuites":59,"numFailedTestSuites":0,"numPendingTestSuites":0,"numTotalTests":143,"numPassedTests":143,"numFailedTests":0,"numPendingTests":0,"numTodoTests":0,"snapshot":{"added":0,"failure":false,"filesAdded":0,"filesRemoved":0,"filesRemovedList":[],"filesUnmatched":0,"filesUpdated":0,"matched":0,"total":0,"unchecked":0,"uncheckedKeysByFile":[],"unmatched":0,"updated":0,"didUpdate":false},"startTime":1771894111454,"success":true,"testResults":[{"assertionResults":[{"ancestorTitles":["Email System Configuration","Environment Configurations"],"fullName":"Email System Configuration Environment Configurations Development mode logs to console only","status":"passed","title":"Development mode logs to console only","duration":3.308300000000031,"failureMessages":[],"meta":{}},{"ancestorTitles":["Email System Configuration","Environment Configurations"],"fullName":"Email System Configuration Environment Configurations Staging restricts to newskoop domains","status":"passed","title":"Staging restricts to newskoop domains","duration":1.2036999999999125,"failureMessages":[],"meta":{}},{"ancestorTitles":["Email System Configuration","Environment Configurations"],"fullName":"Email System Configuration Environment Configurations Production allows all emails","status":"passed","title":"Production allows all emails","duration":1.5144000000000233,"failureMessages":[],"meta":{}},{"ancestorTitles":["Email System Configuration","Environment Configurations"],"fullName":"Email System Configuration Environment Configurations Staging has catch-all email for debugging","status":"passed","title":"Staging has catch-all email for debugging","duration":1.195699999999988,"failureMessages":[],"meta":{}},{"ancestorTitles":["Email System Configuration","Email Domain Filtering","Wildcard Mode (Development/Production)"],"fullName":"Email System Configuration Email Domain Filtering Wildcard Mode (Development/Production) Any email allowed with wildcard","status":"passed","title":"Any email allowed with wildcard","duration":0.44439999999997326,"failureMessages":[],"meta":{}},{"ancestorTitles":["Email System Configuration","Email Domain Filtering","Restricted Mode (Staging)"],"fullName":"Email System Configuration Email Domain Filtering Restricted Mode (Staging) Newskoop emails allowed","status":"passed","title":"Newskoop emails allowed","duration":0.4396000000000413,"failureMessages":[],"meta":{}},{"ancestorTitles":["Email System Configuration","Email Domain Filtering","Restricted Mode (Staging)"],"fullName":"Email System Configuration Email Domain Filtering Restricted Mode (Staging) External emails blocked","status":"passed","title":"External emails blocked","duration":0.24519999999995434,"failureMessages":[],"meta":{}},{"ancestorTitles":["Email System Configuration","Email Domain Filtering","Restricted Mode (Staging)"],"fullName":"Email System Configuration Email Domain Filtering Restricted Mode (Staging) Subdomains allowed","status":"passed","title":"Subdomains allowed","duration":0.2400000000000091,"failureMessages":[],"meta":{}},{"ancestorTitles":["Email System Configuration","Email Domain Filtering","Restricted Mode (Staging)"],"fullName":"Email System Configuration Email Domain Filtering Restricted Mode (Staging) Case insensitive matching","status":"passed","title":"Case insensitive matching","duration":0.4193000000000211,"failureMessages":[],"meta":{}},{"ancestorTitles":["Email System Configuration","Email Domain Filtering","Empty Domains List"],"fullName":"Email System Configuration Email Domain Filtering Empty Domains List All emails blocked with empty list","status":"passed","title":"All emails blocked with empty list","duration":0.27309999999999945,"failureMessages":[],"meta":{}},{"ancestorTitles":["Email System Configuration","Runtime Configuration"],"fullName":"Email System Configuration Runtime Configuration EMAIL_MODE=console returns console config","status":"passed","title":"EMAIL_MODE=console returns console config","duration":0.7776000000000067,"failureMessages":[],"meta":{}},{"ancestorTitles":["Email System Configuration","Runtime Configuration"],"fullName":"Email System Configuration Runtime Configuration EMAIL_MODE=resend-restricted returns restricted config","status":"passed","title":"EMAIL_MODE=resend-restricted returns restricted config","duration":0.30139999999994416,"failureMessages":[],"meta":{}},{"ancestorTitles":["Email System Configuration","Runtime Configuration"],"fullName":"Email System Configuration Runtime Configuration EMAIL_MODE=resend returns full email config","status":"passed","title":"EMAIL_MODE=resend returns full email config","duration":0.2518999999999778,"failureMessages":[],"meta":{}},{"ancestorTitles":["Email System Configuration","Runtime Configuration"],"fullName":"Email System Configuration Runtime Configuration Config always has required properties","status":"passed","title":"Config always has required properties","duration":0.8296000000000276,"failureMessages":[],"meta":{}}],"startTime":1771894112352,"endTime":1771894112363.8296,"status":"passed","message":"","name":"C:/Users/mrock/Stream-Labs/newskoop-v5/src/lib/__tests__/email-config.test.ts"},{"assertionResults":[{"ancestorTitles":["Language Support","Format Single Language"],"fullName":"Language Support Format Single Language ENGLISH formats to English","status":"passed","title":"ENGLISH formats to English","duration":1.886700000000019,"failureMessages":[],"meta":{}},{"ancestorTitles":["Language Support","Format Single Language"],"fullName":"Language Support Format Single Language AFRIKAANS formats to Afrikaans","status":"passed","title":"AFRIKAANS formats to Afrikaans","duration":0.4110000000000582,"failureMessages":[],"meta":{}},{"ancestorTitles":["Language Support","Format Single Language"],"fullName":"Language Support Format Single Language XHOSA formats to Xhosa","status":"passed","title":"XHOSA formats to Xhosa","duration":0.29849999999999,"failureMessages":[],"meta":{}},{"ancestorTitles":["Language Support","Format Single Language"],"fullName":"Language Support Format Single Language ZULU formats to Zulu","status":"passed","title":"ZULU formats to Zulu","duration":0.35820000000001073,"failureMessages":[],"meta":{}},{"ancestorTitles":["Language Support","Format Single Language"],"fullName":"Language Support Format Single Language Lowercase input still formats correctly","status":"passed","title":"Lowercase input still formats correctly","duration":0.30359999999996035,"failureMessages":[],"meta":{}},{"ancestorTitles":["Language Support","Format Single Language"],"fullName":"Language Support Format Single Language Mixed case input formats correctly","status":"passed","title":"Mixed case input formats correctly","duration":0.18870000000003984,"failureMessages":[],"meta":{}},{"ancestorTitles":["Language Support","Format Single Language"],"fullName":"Language Support Format Single Language Unknown language returns original code","status":"passed","title":"Unknown language returns original code","duration":0.1893999999999778,"failureMessages":[],"meta":{}},{"ancestorTitles":["Language Support","Format Single Language"],"fullName":"Language Support Format Single Language Null returns empty string","status":"passed","title":"Null returns empty string","duration":0.17280000000005202,"failureMessages":[],"meta":{}},{"ancestorTitles":["Language Support","Format Single Language"],"fullName":"Language Support Format Single Language Undefined returns empty string","status":"passed","title":"Undefined returns empty string","duration":0.4552999999999656,"failureMessages":[],"meta":{}},{"ancestorTitles":["Language Support","Format Single Language"],"fullName":"Language Support Format Single Language Empty string returns empty string","status":"passed","title":"Empty string returns empty string","duration":0.24069999999994707,"failureMessages":[],"meta":{}},{"ancestorTitles":["Language Support","Format Multiple Languages"],"fullName":"Language Support Format Multiple Languages Formats array of language codes","status":"passed","title":"Formats array of language codes","duration":2.2812999999999874,"failureMessages":[],"meta":{}},{"ancestorTitles":["Language Support","Format Multiple Languages"],"fullName":"Language Support Format Multiple Languages Formats all supported languages","status":"passed","title":"Formats all supported languages","duration":1.2553000000000338,"failureMessages":[],"meta":{}},{"ancestorTitles":["Language Support","Format Multiple Languages"],"fullName":"Language Support Format Multiple Languages Empty array returns empty array","status":"passed","title":"Empty array returns empty array","duration":0.1954999999999245,"failureMessages":[],"meta":{}},{"ancestorTitles":["Language Support","Format Multiple Languages"],"fullName":"Language Support Format Multiple Languages Handles mixed case in array","status":"passed","title":"Handles mixed case in array","duration":0.5054999999999836,"failureMessages":[],"meta":{}},{"ancestorTitles":["Language Support","Language Options for Forms"],"fullName":"Language Support Language Options for Forms Returns all supported languages as options","status":"passed","title":"Returns all supported languages as options","duration":1.526899999999955,"failureMessages":[],"meta":{}},{"ancestorTitles":["Language Support","Language Options for Forms"],"fullName":"Language Support Language Options for Forms Each option has value and label","status":"passed","title":"Each option has value and label","duration":0.8718999999999824,"failureMessages":[],"meta":{}},{"ancestorTitles":["Language Support","Language Options for Forms"],"fullName":"Language Support Language Options for Forms Options include English","status":"passed","title":"Options include English","duration":0.39020000000004984,"failureMessages":[],"meta":{}},{"ancestorTitles":["Language Support","Language Options for Forms"],"fullName":"Language Support Language Options for Forms Options include Afrikaans","status":"passed","title":"Options include Afrikaans","duration":0.3421000000000731,"failureMessages":[],"meta":{}},{"ancestorTitles":["Language Support","Language Options for Forms"],"fullName":"Language Support Language Options for Forms Options include Xhosa","status":"passed","title":"Options include Xhosa","duration":0.3224999999999909,"failureMessages":[],"meta":{}},{"ancestorTitles":["Language Support","Language Options for Forms"],"fullName":"Language Support Language Options for Forms Options include Zulu","status":"passed","title":"Options include Zulu","duration":0.2361999999999398,"failureMessages":[],"meta":{}},{"ancestorTitles":["Language Support","Language Display Names Mapping"],"fullName":"Language Support Language Display Names Mapping All four South African languages are supported","status":"passed","title":"All four South African languages are supported","duration":0.3160000000000309,"failureMessages":[],"meta":{}},{"ancestorTitles":["Language Support","Language Display Names Mapping"],"fullName":"Language Support Language Display Names Mapping Display names are properly capitalized","status":"passed","title":"Display names are properly capitalized","duration":0.36009999999998854,"failureMessages":[],"meta":{}}],"startTime":1771894112351,"endTime":1771894112364.36,"status":"passed","message":"","name":"C:/Users/mrock/Stream-Labs/newskoop-v5/src/lib/__tests__/language-utils.test.ts"},{"assertionResults":[{"ancestorTitles":["Editorial Workflow Permissions","Intern Story Workflow"],"fullName":"Editorial Workflow Permissions Intern Story Workflow Intern can create and read stories","status":"passed","title":"Intern can create and read stories","duration":2.544399999999996,"failureMessages":[],"meta":{}},{"ancestorTitles":["Editorial Workflow Permissions","Intern Story Workflow"],"fullName":"Editorial Workflow Permissions Intern Story Workflow Intern can edit their own draft","status":"passed","title":"Intern can edit their own draft","duration":0.47450000000003456,"failureMessages":[],"meta":{}},{"ancestorTitles":["Editorial Workflow Permissions","Intern Story Workflow"],"fullName":"Editorial Workflow Permissions Intern Story Workflow Intern cannot edit another users draft","status":"passed","title":"Intern cannot edit another users draft","duration":0.3992000000000644,"failureMessages":[],"meta":{}},{"ancestorTitles":["Editorial Workflow Permissions","Intern Story Workflow"],"fullName":"Editorial Workflow Permissions Intern Story Workflow Intern can submit draft for review","status":"passed","title":"Intern can submit draft for review","duration":0.421799999999962,"failureMessages":[],"meta":{}},{"ancestorTitles":["Editorial Workflow Permissions","Intern Story Workflow"],"fullName":"Editorial Workflow Permissions Intern Story Workflow Intern cannot approve or publish","status":"passed","title":"Intern cannot approve or publish","duration":1.3040000000000873,"failureMessages":[],"meta":{}},{"ancestorTitles":["Editorial Workflow Permissions","Intern Story Workflow"],"fullName":"Editorial Workflow Permissions Intern Story Workflow Intern can edit story sent back for revision","status":"passed","title":"Intern can edit story sent back for revision","duration":0.47509999999999764,"failureMessages":[],"meta":{}},{"ancestorTitles":["Editorial Workflow Permissions","Intern Story Workflow"],"fullName":"Editorial Workflow Permissions Intern Story Workflow Intern cannot edit story while in review","status":"passed","title":"Intern cannot edit story while in review","duration":0.3552999999999429,"failureMessages":[],"meta":{}},{"ancestorTitles":["Editorial Workflow Permissions","Intern Story Workflow"],"fullName":"Editorial Workflow Permissions Intern Story Workflow Intern can delete their own draft only","status":"passed","title":"Intern can delete their own draft only","duration":0.4956999999999425,"failureMessages":[],"meta":{}},{"ancestorTitles":["Editorial Workflow Permissions","Journalist Review Workflow"],"fullName":"Editorial Workflow Permissions Journalist Review Workflow Journalist can review intern stories","status":"passed","title":"Journalist can review intern stories","duration":0.6508000000000038,"failureMessages":[],"meta":{}},{"ancestorTitles":["Editorial Workflow Permissions","Journalist Review Workflow"],"fullName":"Editorial Workflow Permissions Journalist Review Workflow Journalist can send stories for approval","status":"passed","title":"Journalist can send stories for approval","duration":0.3952000000000453,"failureMessages":[],"meta":{}},{"ancestorTitles":["Editorial Workflow Permissions","Journalist Review Workflow"],"fullName":"Editorial Workflow Permissions Journalist Review Workflow Journalist can request revision on intern stories","status":"passed","title":"Journalist can request revision on intern stories","duration":0.18610000000001037,"failureMessages":[],"meta":{}},{"ancestorTitles":["Editorial Workflow Permissions","Journalist Review Workflow"],"fullName":"Editorial Workflow Permissions Journalist Review Workflow Journalist cannot approve or publish","status":"passed","title":"Journalist cannot approve or publish","duration":0.16700000000003,"failureMessages":[],"meta":{}},{"ancestorTitles":["Editorial Workflow Permissions","Journalist Review Workflow"],"fullName":"Editorial Workflow Permissions Journalist Review Workflow Journalist can delete their own draft","status":"passed","title":"Journalist can delete their own draft","duration":0.125,"failureMessages":[],"meta":{}},{"ancestorTitles":["Editorial Workflow Permissions","Sub-Editor Approval Workflow"],"fullName":"Editorial Workflow Permissions Sub-Editor Approval Workflow Sub-Editor can approve stories","status":"passed","title":"Sub-Editor can approve stories","duration":0.5138999999999214,"failureMessages":[],"meta":{}},{"ancestorTitles":["Editorial Workflow Permissions","Sub-Editor Approval Workflow"],"fullName":"Editorial Workflow Permissions Sub-Editor Approval Workflow Sub-Editor can publish stories","status":"passed","title":"Sub-Editor can publish stories","duration":0.17070000000001073,"failureMessages":[],"meta":{}},{"ancestorTitles":["Editorial Workflow Permissions","Sub-Editor Approval Workflow"],"fullName":"Editorial Workflow Permissions Sub-Editor Approval Workflow Sub-Editor can edit any story at any stage","status":"passed","title":"Sub-Editor can edit any story at any stage","duration":0.30529999999998836,"failureMessages":[],"meta":{}},{"ancestorTitles":["Editorial Workflow Permissions","Sub-Editor Approval Workflow"],"fullName":"Editorial Workflow Permissions Sub-Editor Approval Workflow Sub-Editor can delete any story","status":"passed","title":"Sub-Editor can delete any story","duration":0.13220000000001164,"failureMessages":[],"meta":{}},{"ancestorTitles":["Editorial Workflow Permissions","Sub-Editor Approval Workflow"],"fullName":"Editorial Workflow Permissions Sub-Editor Approval Workflow Sub-Editor can flag stories for bulletin","status":"passed","title":"Sub-Editor can flag stories for bulletin","duration":0.16849999999999454,"failureMessages":[],"meta":{}},{"ancestorTitles":["Editorial Workflow Permissions","Sub-Editor Approval Workflow"],"fullName":"Editorial Workflow Permissions Sub-Editor Approval Workflow Sub-Editor can manage categories","status":"passed","title":"Sub-Editor can manage categories","duration":0.2098999999999478,"failureMessages":[],"meta":{}},{"ancestorTitles":["Editorial Workflow Permissions","Editor Full Access"],"fullName":"Editorial Workflow Permissions Editor Full Access Editor has full story CRUD permissions","status":"passed","title":"Editor has full story CRUD permissions","duration":0.36549999999999727,"failureMessages":[],"meta":{}},{"ancestorTitles":["Editorial Workflow Permissions","Editor Full Access"],"fullName":"Editorial Workflow Permissions Editor Full Access Editor can archive published stories","status":"passed","title":"Editor can archive published stories","duration":0.20069999999998345,"failureMessages":[],"meta":{}},{"ancestorTitles":["Editorial Workflow Permissions","Editor Full Access"],"fullName":"Editorial Workflow Permissions Editor Full Access Editor can manage categories and tags","status":"passed","title":"Editor can manage categories and tags","duration":0.2555999999999585,"failureMessages":[],"meta":{}},{"ancestorTitles":["Editorial Workflow Permissions","Admin Override Capabilities"],"fullName":"Editorial Workflow Permissions Admin Override Capabilities Admin can transition story to any status","status":"passed","title":"Admin can transition story to any status","duration":0.38440000000002783,"failureMessages":[],"meta":{}},{"ancestorTitles":["Editorial Workflow Permissions","Admin Override Capabilities"],"fullName":"Editorial Workflow Permissions Admin Override Capabilities SuperAdmin can transition story to any status","status":"passed","title":"SuperAdmin can transition story to any status","duration":0.2844000000000051,"failureMessages":[],"meta":{}},{"ancestorTitles":["Translation Workflow","Translation Permissions by Role"],"fullName":"Translation Workflow Translation Permissions by Role Intern can only read translations","status":"passed","title":"Intern can only read translations","duration":0.15859999999997854,"failureMessages":[],"meta":{}},{"ancestorTitles":["Translation Workflow","Translation Permissions by Role"],"fullName":"Translation Workflow Translation Permissions by Role Journalist can only read translations","status":"passed","title":"Journalist can only read translations","duration":0.11770000000001346,"failureMessages":[],"meta":{}},{"ancestorTitles":["Translation Workflow","Translation Permissions by Role"],"fullName":"Translation Workflow Translation Permissions by Role Sub-Editor can create and approve translations","status":"passed","title":"Sub-Editor can create and approve translations","duration":0.18510000000003402,"failureMessages":[],"meta":{}},{"ancestorTitles":["Translation Workflow","Translation Permissions by Role"],"fullName":"Translation Workflow Translation Permissions by Role Editor has full translation permissions","status":"passed","title":"Editor has full translation permissions","duration":0.1308999999999969,"failureMessages":[],"meta":{}},{"ancestorTitles":["Translation Workflow","Translation Assignment"],"fullName":"Translation Workflow Translation Assignment Assigned translator can work on translation","status":"passed","title":"Assigned translator can work on translation","duration":0.2159000000000333,"failureMessages":[],"meta":{}},{"ancestorTitles":["Translation Workflow","Translation Assignment"],"fullName":"Translation Workflow Translation Assignment Non-assigned lower role cannot work on translation","status":"passed","title":"Non-assigned lower role cannot work on translation","duration":0.0966000000000804,"failureMessages":[],"meta":{}},{"ancestorTitles":["Translation Workflow","Translation Assignment"],"fullName":"Translation Workflow Translation Assignment Sub-Editor can work on any translation","status":"passed","title":"Sub-Editor can work on any translation","duration":0.11789999999996326,"failureMessages":[],"meta":{}},{"ancestorTitles":["Translation Workflow","Send for Translation"],"fullName":"Translation Workflow Send for Translation Lower roles cannot send for translation","status":"passed","title":"Lower roles cannot send for translation","duration":0.17780000000004748,"failureMessages":[],"meta":{}},{"ancestorTitles":["Translation Workflow","Send for Translation"],"fullName":"Translation Workflow Send for Translation Sub-Editor and above can send for translation","status":"passed","title":"Sub-Editor and above can send for translation","duration":0.14269999999999072,"failureMessages":[],"meta":{}},{"ancestorTitles":["Stage-Based Story Workflow","Intern Stage Transitions"],"fullName":"Stage-Based Story Workflow Intern Stage Transitions Intern can submit draft for journalist review","status":"passed","title":"Intern can submit draft for journalist review","duration":0.5530999999999722,"failureMessages":[],"meta":{}},{"ancestorTitles":["Stage-Based Story Workflow","Intern Stage Transitions"],"fullName":"Stage-Based Story Workflow Intern Stage Transitions Intern cannot skip to sub-editor approval","status":"passed","title":"Intern cannot skip to sub-editor approval","duration":0.3428000000000111,"failureMessages":[],"meta":{}},{"ancestorTitles":["Stage-Based Story Workflow","Intern Stage Transitions"],"fullName":"Stage-Based Story Workflow Intern Stage Transitions Intern cannot approve their own story","status":"passed","title":"Intern cannot approve their own story","duration":0.2644999999999982,"failureMessages":[],"meta":{}},{"ancestorTitles":["Stage-Based Story Workflow","Journalist Stage Transitions"],"fullName":"Stage-Based Story Workflow Journalist Stage Transitions Journalist can submit directly for approval","status":"passed","title":"Journalist can submit directly for approval","duration":0.18500000000005912,"failureMessages":[],"meta":{}},{"ancestorTitles":["Stage-Based Story Workflow","Journalist Stage Transitions"],"fullName":"Stage-Based Story Workflow Journalist Stage Transitions Journalist can approve reviewed story to sub-editor","status":"passed","title":"Journalist can approve reviewed story to sub-editor","duration":0.1774000000000342,"failureMessages":[],"meta":{}},{"ancestorTitles":["Stage-Based Story Workflow","Journalist Stage Transitions"],"fullName":"Stage-Based Story Workflow Journalist Stage Transitions Journalist can send back for revision","status":"passed","title":"Journalist can send back for revision","duration":0.16700000000003,"failureMessages":[],"meta":{}},{"ancestorTitles":["Stage-Based Story Workflow","Sub-Editor Stage Transitions"],"fullName":"Stage-Based Story Workflow Sub-Editor Stage Transitions Sub-Editor can approve story","status":"passed","title":"Sub-Editor can approve story","duration":0.16919999999993252,"failureMessages":[],"meta":{}},{"ancestorTitles":["Stage-Based Story Workflow","Sub-Editor Stage Transitions"],"fullName":"Stage-Based Story Workflow Sub-Editor Stage Transitions Sub-Editor can send for translation","status":"passed","title":"Sub-Editor can send for translation","duration":0.1574999999999136,"failureMessages":[],"meta":{}},{"ancestorTitles":["Stage-Based Story Workflow","Sub-Editor Stage Transitions"],"fullName":"Stage-Based Story Workflow Sub-Editor Stage Transitions Sub-Editor can publish translated story","status":"passed","title":"Sub-Editor can publish translated story","duration":0.3006999999998925,"failureMessages":[],"meta":{}},{"ancestorTitles":["Stage-Based Story Workflow","Revision Requests"],"fullName":"Stage-Based Story Workflow Revision Requests Assigned reviewer can request revision","status":"passed","title":"Assigned reviewer can request revision","duration":0.19069999999999254,"failureMessages":[],"meta":{}},{"ancestorTitles":["Stage-Based Story Workflow","Revision Requests"],"fullName":"Stage-Based Story Workflow Revision Requests Non-assigned journalist cannot request revision","status":"passed","title":"Non-assigned journalist cannot request revision","duration":0.1207000000000562,"failureMessages":[],"meta":{}},{"ancestorTitles":["Stage-Based Story Workflow","Revision Requests"],"fullName":"Stage-Based Story Workflow Revision Requests Editor can always request revision","status":"passed","title":"Editor can always request revision","duration":0.12160000000005766,"failureMessages":[],"meta":{}},{"ancestorTitles":["Bulletin & Flagging"],"fullName":"Bulletin & Flagging Lower roles cannot flag stories for bulletin","status":"passed","title":"Lower roles cannot flag stories for bulletin","duration":0.16070000000001983,"failureMessages":[],"meta":{}},{"ancestorTitles":["Bulletin & Flagging"],"fullName":"Bulletin & Flagging Sub-Editor and above can flag stories","status":"passed","title":"Sub-Editor and above can flag stories","duration":0.1975999999999658,"failureMessages":[],"meta":{}},{"ancestorTitles":["Shows & Episodes (Podcasts)","Show Permissions"],"fullName":"Shows & Episodes (Podcasts) Show Permissions Lower roles can only view shows","status":"passed","title":"Lower roles can only view shows","duration":0.24530000000004293,"failureMessages":[],"meta":{}},{"ancestorTitles":["Shows & Episodes (Podcasts)","Show Permissions"],"fullName":"Shows & Episodes (Podcasts) Show Permissions Sub-Editor can manage shows","status":"passed","title":"Sub-Editor can manage shows","duration":0.22449999999992087,"failureMessages":[],"meta":{}},{"ancestorTitles":["Shows & Episodes (Podcasts)","Episode Publishing"],"fullName":"Shows & Episodes (Podcasts) Episode Publishing Lower roles cannot publish episodes","status":"passed","title":"Lower roles cannot publish episodes","duration":0.17179999999996198,"failureMessages":[],"meta":{}},{"ancestorTitles":["Shows & Episodes (Podcasts)","Episode Publishing"],"fullName":"Shows & Episodes (Podcasts) Episode Publishing Sub-Editor and above can publish episodes","status":"passed","title":"Sub-Editor and above can publish episodes","duration":0.23640000000000327,"failureMessages":[],"meta":{}},{"ancestorTitles":["Shows & Episodes (Podcasts)","Show Editing"],"fullName":"Shows & Episodes (Podcasts) Show Editing Sub-Editor can only edit their own shows","status":"passed","title":"Sub-Editor can only edit their own shows","duration":0.407799999999952,"failureMessages":[],"meta":{}},{"ancestorTitles":["Shows & Episodes (Podcasts)","Show Editing"],"fullName":"Shows & Episodes (Podcasts) Show Editing Editor can edit any show","status":"passed","title":"Editor can edit any show","duration":0.1573999999999387,"failureMessages":[],"meta":{}},{"ancestorTitles":["Shows & Episodes (Podcasts)","Show Deletion"],"fullName":"Shows & Episodes (Podcasts) Show Deletion Sub-Editor cannot delete shows","status":"passed","title":"Sub-Editor cannot delete shows","duration":0.1996000000000322,"failureMessages":[],"meta":{}},{"ancestorTitles":["Shows & Episodes (Podcasts)","Show Deletion"],"fullName":"Shows & Episodes (Podcasts) Show Deletion Editor and above can delete shows","status":"passed","title":"Editor and above can delete shows","duration":0.23210000000005948,"failureMessages":[],"meta":{}},{"ancestorTitles":["Security - Null Role Handling"],"fullName":"Security - Null Role Handling Null role has no permissions","status":"passed","title":"Null role has no permissions","duration":0.34739999999999327,"failureMessages":[],"meta":{}}],"startTime":1771894112449,"endTime":1771894112469.3474,"status":"passed","message":"","name":"C:/Users/mrock/Stream-Labs/newskoop-v5/src/lib/__tests__/permissions.test.ts"},{"assertionResults":[{"ancestorTitles":["URL Slug Generation","Story Title Slugs"],"fullName":"URL Slug Generation Story Title Slugs Simple headline becomes lowercase hyphenated","status":"passed","title":"Simple headline becomes lowercase hyphenated","duration":2.5476999999999634,"failureMessages":[],"meta":{}},{"ancestorTitles":["URL Slug Generation","Story Title Slugs"],"fullName":"URL Slug Generation Story Title Slugs Headlines with punctuation cleaned up","status":"passed","title":"Headlines with punctuation cleaned up","duration":0.5592999999998938,"failureMessages":[],"meta":{}},{"ancestorTitles":["URL Slug Generation","Story Title Slugs"],"fullName":"URL Slug Generation Story Title Slugs Numbers preserved in slugs","status":"passed","title":"Numbers preserved in slugs","duration":0.3242000000000189,"failureMessages":[],"meta":{}},{"ancestorTitles":["URL Slug Generation","Story Title Slugs"],"fullName":"URL Slug Generation Story Title Slugs Special characters removed","status":"passed","title":"Special characters removed","duration":0.2682999999999538,"failureMessages":[],"meta":{}},{"ancestorTitles":["URL Slug Generation","Story Title Slugs"],"fullName":"URL Slug Generation Story Title Slugs Quotes and apostrophes handled","status":"passed","title":"Quotes and apostrophes handled","duration":0.3119000000000369,"failureMessages":[],"meta":{}},{"ancestorTitles":["URL Slug Generation","Edge Cases"],"fullName":"URL Slug Generation Edge Cases Multiple spaces collapsed","status":"passed","title":"Multiple spaces collapsed","duration":0.29560000000003583,"failureMessages":[],"meta":{}},{"ancestorTitles":["URL Slug Generation","Edge Cases"],"fullName":"URL Slug Generation Edge Cases Multiple hyphens collapsed","status":"passed","title":"Multiple hyphens collapsed","duration":0.1977000000000544,"failureMessages":[],"meta":{}},{"ancestorTitles":["URL Slug Generation","Edge Cases"],"fullName":"URL Slug Generation Edge Cases Empty string returns empty","status":"passed","title":"Empty string returns empty","duration":0.1412000000000262,"failureMessages":[],"meta":{}},{"ancestorTitles":["URL Slug Generation","Edge Cases"],"fullName":"URL Slug Generation Edge Cases Only special characters returns empty","status":"passed","title":"Only special characters returns empty","duration":0.2679000000000542,"failureMessages":[],"meta":{}},{"ancestorTitles":["URL Slug Generation","Edge Cases"],"fullName":"URL Slug Generation Edge Cases Existing hyphens preserved","status":"passed","title":"Existing hyphens preserved","duration":0.1609000000000833,"failureMessages":[],"meta":{}},{"ancestorTitles":["URL Slug Generation","Bilingual Content"],"fullName":"URL Slug Generation Bilingual Content Afrikaans titles work correctly","status":"passed","title":"Afrikaans titles work correctly","duration":0.1816000000000031,"failureMessages":[],"meta":{}},{"ancestorTitles":["URL Slug Generation","Bilingual Content"],"fullName":"URL Slug Generation Bilingual Content Mixed language handled","status":"passed","title":"Mixed language handled","duration":0.17240000000003874,"failureMessages":[],"meta":{}}],"startTime":1771894112500,"endTime":1771894112513.1724,"status":"passed","message":"","name":"C:/Users/mrock/Stream-Labs/newskoop-v5/src/lib/__tests__/slug-utils.test.ts"},{"assertionResults":[{"ancestorTitles":["User Management Validation","Staff User Creation"],"fullName":"User Management Validation Staff User Creation Valid staff user with all required fields","status":"passed","title":"Valid staff user with all required fields","duration":3.324700000000007,"failureMessages":[],"meta":{}},{"ancestorTitles":["User Management Validation","Staff User Creation"],"fullName":"User Management Validation Staff User Creation Staff user requires a role","status":"passed","title":"Staff user requires a role","duration":0.6473999999999478,"failureMessages":[],"meta":{}},{"ancestorTitles":["User Management Validation","Staff User Creation"],"fullName":"User Management Validation Staff User Creation All staff roles are valid","status":"passed","title":"All staff roles are valid","duration":1.2052999999999656,"failureMessages":[],"meta":{}},{"ancestorTitles":["User Management Validation","Staff User Creation"],"fullName":"User Management Validation Staff User Creation Invalid email format rejected","status":"passed","title":"Invalid email format rejected","duration":0.45690000000001874,"failureMessages":[],"meta":{}},{"ancestorTitles":["User Management Validation","Staff User Creation"],"fullName":"User Management Validation Staff User Creation Empty names rejected","status":"passed","title":"Empty names rejected","duration":0.22289999999998145,"failureMessages":[],"meta":{}},{"ancestorTitles":["User Management Validation","Radio User Creation"],"fullName":"User Management Validation Radio User Creation Valid radio user without staff role","status":"passed","title":"Valid radio user without staff role","duration":0.26559999999994943,"failureMessages":[],"meta":{}},{"ancestorTitles":["Story Content Validation","Story Creation"],"fullName":"Story Content Validation Story Creation Valid story with title and content","status":"passed","title":"Valid story with title and content","duration":0.4230000000000018,"failureMessages":[],"meta":{}},{"ancestorTitles":["Story Content Validation","Story Creation"],"fullName":"Story Content Validation Story Creation Story with category, tags, and classifications","status":"passed","title":"Story with category, tags, and classifications","duration":0.323099999999954,"failureMessages":[],"meta":{}},{"ancestorTitles":["Story Content Validation","Story Creation"],"fullName":"Story Content Validation Story Creation Empty title rejected","status":"passed","title":"Empty title rejected","duration":0.3787000000000944,"failureMessages":[],"meta":{}},{"ancestorTitles":["Story Content Validation","Story Creation"],"fullName":"Story Content Validation Story Creation Empty content rejected","status":"passed","title":"Empty content rejected","duration":0.42259999999998854,"failureMessages":[],"meta":{}},{"ancestorTitles":["Story Content Validation","Story Creation"],"fullName":"Story Content Validation Story Creation Title over 255 characters rejected","status":"passed","title":"Title over 255 characters rejected","duration":0.2545999999999822,"failureMessages":[],"meta":{}},{"ancestorTitles":["Story Content Validation","Story Updates"],"fullName":"Story Content Validation Story Updates Partial update with only title","status":"passed","title":"Partial update with only title","duration":0.22550000000001091,"failureMessages":[],"meta":{}},{"ancestorTitles":["Story Content Validation","Story Updates"],"fullName":"Story Content Validation Story Updates Update with removed audio IDs","status":"passed","title":"Update with removed audio IDs","duration":0.2135000000000673,"failureMessages":[],"meta":{}},{"ancestorTitles":["Classification System Validation","Classification Creation"],"fullName":"Classification System Validation Classification Creation Valid Language classification","status":"passed","title":"Valid Language classification","duration":0.9487000000000307,"failureMessages":[],"meta":{}},{"ancestorTitles":["Classification System Validation","Classification Creation"],"fullName":"Classification System Validation Classification Creation Valid Religion classification","status":"passed","title":"Valid Religion classification","duration":0.32560000000000855,"failureMessages":[],"meta":{}},{"ancestorTitles":["Classification System Validation","Classification Creation"],"fullName":"Classification System Validation Classification Creation Valid Locality classification","status":"passed","title":"Valid Locality classification","duration":0.2537999999999556,"failureMessages":[],"meta":{}},{"ancestorTitles":["Classification System Validation","Classification Creation"],"fullName":"Classification System Validation Classification Creation Invalid classification type rejected","status":"passed","title":"Invalid classification type rejected","duration":0.31189999999992324,"failureMessages":[],"meta":{}},{"ancestorTitles":["Classification System Validation","Classification Creation"],"fullName":"Classification System Validation Classification Creation All three classification types are valid","status":"passed","title":"All three classification types are valid","duration":0.33579999999994925,"failureMessages":[],"meta":{}},{"ancestorTitles":["Classification System Validation","Classification Updates"],"fullName":"Classification System Validation Classification Updates Partial update with name only","status":"passed","title":"Partial update with name only","duration":0.19799999999997908,"failureMessages":[],"meta":{}},{"ancestorTitles":["Classification System Validation","Classification Updates"],"fullName":"Classification System Validation Classification Updates Update isActive status","status":"passed","title":"Update isActive status","duration":0.25310000000001764,"failureMessages":[],"meta":{}},{"ancestorTitles":["Classification System Validation","Classification Updates"],"fullName":"Classification System Validation Classification Updates Update sort order","status":"passed","title":"Update sort order","duration":0.1655999999999267,"failureMessages":[],"meta":{}},{"ancestorTitles":["Category and Tag Validation","Category Creation"],"fullName":"Category and Tag Validation Category Creation Valid category with name only","status":"passed","title":"Valid category with name only","duration":0.20990000000006148,"failureMessages":[],"meta":{}},{"ancestorTitles":["Category and Tag Validation","Category Creation"],"fullName":"Category and Tag Validation Category Creation Category with Afrikaans translation","status":"passed","title":"Category with Afrikaans translation","duration":0.18650000000002365,"failureMessages":[],"meta":{}},{"ancestorTitles":["Category and Tag Validation","Category Creation"],"fullName":"Category and Tag Validation Category Creation Category with valid hex color","status":"passed","title":"Category with valid hex color","duration":0.22709999999995034,"failureMessages":[],"meta":{}},{"ancestorTitles":["Category and Tag Validation","Category Creation"],"fullName":"Category and Tag Validation Category Creation Invalid hex color rejected","status":"passed","title":"Invalid hex color rejected","duration":0.23860000000001946,"failureMessages":[],"meta":{}},{"ancestorTitles":["Category and Tag Validation","Category Creation"],"fullName":"Category and Tag Validation Category Creation Subcategory with parent ID","status":"passed","title":"Subcategory with parent ID","duration":0.16020000000003165,"failureMessages":[],"meta":{}},{"ancestorTitles":["Category and Tag Validation","Tag Creation (Topical Tags)"],"fullName":"Category and Tag Validation Tag Creation (Topical Tags) Valid tag with name","status":"passed","title":"Valid tag with name","duration":0.16430000000002565,"failureMessages":[],"meta":{}},{"ancestorTitles":["Category and Tag Validation","Tag Creation (Topical Tags)"],"fullName":"Category and Tag Validation Tag Creation (Topical Tags) Tag with Afrikaans name","status":"passed","title":"Tag with Afrikaans name","duration":0.16890000000000782,"failureMessages":[],"meta":{}},{"ancestorTitles":["Category and Tag Validation","Tag Creation (Topical Tags)"],"fullName":"Category and Tag Validation Tag Creation (Topical Tags) Tag name over 50 characters rejected","status":"passed","title":"Tag name over 50 characters rejected","duration":0.18580000000008567,"failureMessages":[],"meta":{}},{"ancestorTitles":["Radio Station Validation","Station Basic Info"],"fullName":"Radio Station Validation Station Basic Info Valid station with name and province","status":"passed","title":"Valid station with name and province","duration":0.2678999999999405,"failureMessages":[],"meta":{}},{"ancestorTitles":["Radio Station Validation","Station Basic Info"],"fullName":"Radio Station Validation Station Basic Info Station with full contact details","status":"passed","title":"Station with full contact details","duration":0.23419999999998709,"failureMessages":[],"meta":{}},{"ancestorTitles":["Radio Station Validation","Station Basic Info"],"fullName":"Radio Station Validation Station Basic Info Invalid email rejected","status":"passed","title":"Invalid email rejected","duration":0.23029999999994288,"failureMessages":[],"meta":{}},{"ancestorTitles":["Radio Station Validation","Station Basic Info"],"fullName":"Radio Station Validation Station Basic Info Invalid website URL rejected","status":"passed","title":"Invalid website URL rejected","duration":0.29359999999996944,"failureMessages":[],"meta":{}},{"ancestorTitles":["Radio Station Validation","Station Creation with Users"],"fullName":"Radio Station Validation Station Creation with Users Valid station with primary contact","status":"passed","title":"Valid station with primary contact","duration":0.3107000000001108,"failureMessages":[],"meta":{}},{"ancestorTitles":["Radio Station Validation","Station Creation with Users"],"fullName":"Radio Station Validation Station Creation with Users Station with additional users","status":"passed","title":"Station with additional users","duration":0.2940000000000964,"failureMessages":[],"meta":{}},{"ancestorTitles":["Comment Validation"],"fullName":"Comment Validation Valid general comment","status":"passed","title":"Valid general comment","duration":0.29849999999999,"failureMessages":[],"meta":{}},{"ancestorTitles":["Comment Validation"],"fullName":"Comment Validation Revision request comment","status":"passed","title":"Revision request comment","duration":0.18820000000005166,"failureMessages":[],"meta":{}},{"ancestorTitles":["Comment Validation"],"fullName":"Comment Validation Approval comment","status":"passed","title":"Approval comment","duration":0.1554999999999609,"failureMessages":[],"meta":{}},{"ancestorTitles":["Comment Validation"],"fullName":"Comment Validation Empty comment rejected","status":"passed","title":"Empty comment rejected","duration":0.25530000000003383,"failureMessages":[],"meta":{}}],"startTime":1771894112470,"endTime":1771894112486.2986,"status":"passed","message":"","name":"C:/Users/mrock/Stream-Labs/newskoop-v5/src/lib/__tests__/validations.test.ts"}]}